0 info it worked if it ends with ok
1 verbose cli [ '/usr/bin/node',
1 verbose cli   '/usr/bin/npm',
1 verbose cli   'completion',
1 verbose cli   '--',
1 verbose cli   'npm',
1 verbose cli   'install',
1 verbose cli   'ta' ]
2 info using npm@1.4.21
3 info using node@v8.11.1
4 verbose request where is /-/short
5 verbose request registry https://registry.npmjs.org/
6 verbose request id ee2e076663980a68
7 verbose url raw /-/short
8 verbose url resolving [ 'https://registry.npmjs.org/', './-/short' ]
9 verbose url resolved https://registry.npmjs.org/-/short
10 verbose request where is https://registry.npmjs.org/-/short
11 info trying registry request attempt 1 at 18:28:33
12 http GET https://registry.npmjs.org/-/short
13 http 405 https://registry.npmjs.org/-/short
14 silly registry.get cb [ 405,
14 silly registry.get   { date: 'Wed, 02 Jan 2019 18:28:34 GMT',
14 silly registry.get     'content-type': 'application/json',
14 silly registry.get     'content-length': '63',
14 silly registry.get     connection: 'close',
14 silly registry.get     'set-cookie':
14 silly registry.get      [ '__cfduid=dce886ddaf9d0ee204d2d528934c2ce2c1546453714; expires=Thu, 02-Jan-20 18:28:34 GMT; path=/; domain=.registry.npmjs.org; HttpOnly' ],
14 silly registry.get     allow: 'PUT',
14 silly registry.get     'cf-ray': '492f49448fe58a97-BOM',
14 silly registry.get     'expect-ct': 'max-age=604800, report-uri="https://report-uri.cloudflare.com/cdn-cgi/beacon/expect-ct"',
14 silly registry.get     vary: 'Accept-Encoding',
14 silly registry.get     server: 'cloudflare' } ]
15 error TypeError: pkgs.filter is not a function
15 error     at /usr/share/npm/lib/install.js:43:17
15 error     at saved (/usr/share/npm/node_modules/npm-registry-client/lib/get.js:167:7)
15 error     at FSReqWrap.oncomplete (fs.js:135:15)
16 error If you need help, you may report this *entire* log,
16 error including the npm and node versions, at:
16 error     <http://github.com/npm/npm/issues>
17 error System Linux 4.14.79-v7+
18 error command "/usr/bin/node" "/usr/bin/npm" "completion" "--" "npm" "install" "ta"
19 error cwd /home/pi/security/back_end
20 error node -v v8.11.1
21 error npm -v 1.4.21
22 verbose exit [ 1, true ]
